<?xml version="1.0" encoding="UTF-8"?>
<testsuite xmlns:xsi="http://www.w3.org/2001/XMLSchema-instance" xsi:noNamespaceSchemaLocation="https://maven.apache.org/surefire/maven-surefire-plugin/xsd/surefire-test-report.xsd" version="3.0.2" name="ru.artemm.usofrt.usofrt.UsofrtApplicationTests" time="3.948" tests="1" errors="0" skipped="0" failures="0">
  <properties>
[...]
</properties>
  <testcase name="contextLoads" classname="ru.artemm.usofrt.usofrt.UsofrtApplicationTests" time="1.108">
    <system-out><![CDATA[23:15:13.487 [main] INFO org.springframework.test.context.support.AnnotationConfigContextLoaderUtils -- Could not detect default configuration classes for test class [ru.artemm.usofrt.usofrt.UsofrtApplicationTests]: UsofrtApplicationTests does not declare any static, non-private, non-final, nested classes annotated with @Configuration.
23:15:13.612 [main] INFO org.springframework.boot.test.context.SpringBootTestContextBootstrapper -- Found @SpringBootConfiguration ru.artemm.usofrt.usofrt.UsofrtApplication for test class ru.artemm.usofrt.usofrt.UsofrtApplicationTests

  .   ____          _            __ _ _
 /\\ / ___'_ __ _ _(_)_ __  __ _ \ \ \ \
( ( )\___ | '_ | '_| | '_ \/ _` | \ \ \ \
 \\/  ___)| |_)| | | | | || (_| |  ) ) ) )
  '  |____| .__|_| |_|_| |_\__, | / / / /
 =========|_|==============|___/=/_/_/_/

 :: Spring Boot ::                (v3.4.2)

2025-02-17T23:15:14.092+03:00  INFO 14664 --- [usofrt] [           main] r.a.u.usofrt.UsofrtApplicationTests      : Starting UsofrtApplicationTests using Java 17.0.4 with PID 14664 (started by Артём in C:\Users\Артём\Desktop\q\usofrt)
2025-02-17T23:15:14.093+03:00  INFO 14664 --- [usofrt] [           main] r.a.u.usofrt.UsofrtApplicationTests      : No active profile set, falling back to 1 default profile: "default"
2025-02-17T23:15:15.633+03:00  INFO 14664 --- [usofrt] [           main] o.s.v.b.OptionalValidatorFactoryBean     : Failed to set up a Bean Validation provider: jakarta.validation.NoProviderFoundException: Unable to create a Configuration, because no Jakarta Bean Validation provider could be found. Add a provider like Hibernate Validator (RI) to your classpath.
2025-02-17T23:15:16.120+03:00  INFO 14664 --- [usofrt] [           main] r.a.u.usofrt.UsofrtApplicationTests      : Started UsofrtApplicationTests in 2.343 seconds (process running for 3.515)
]]></system-out>
  </testcase>
</testsuite>